0 info it worked if it ends with ok
1 verbose cli [ 'node', '/usr/bin/npm', 'install', 'sequalize', '--save' ]
2 info using npm@2.11.0
3 info using node@v0.12.4
4 verbose install initial load of /home/capi1/Home_Aptana/sistema_hospital/package.json
5 warn package.json sistema_hospital@1.0.0 No description
6 warn package.json sistema_hospital@1.0.0 No README data
7 verbose installManyTop reading scoped package data from /home/capi1/Home_Aptana/sistema_hospital/node_modules/express/package.json
8 verbose installManyTop reading scoped package data from /home/capi1/Home_Aptana/sistema_hospital/node_modules/nunjucks/package.json
9 verbose installManyTop reading scoped package data from /home/capi1/Home_Aptana/sistema_hospital/node_modules/supervisor/package.json
10 info package.json supervisor@0.6.0 No license field.
11 info package.json nunjucks@1.3.4 license should be a valid SPDX license expression
12 verbose readDependencies loading dependencies from /home/capi1/Home_Aptana/sistema_hospital/package.json
13 silly cache add args [ 'sequalize', null ]
14 verbose cache add spec sequalize
15 silly cache add parsed spec { raw: 'sequalize',
15 silly cache add   scope: null,
15 silly cache add   name: 'sequalize',
15 silly cache add   rawSpec: '',
15 silly cache add   spec: '*',
15 silly cache add   type: 'range' }
16 silly addNamed sequalize@*
17 verbose addNamed "*" is a valid semver range for sequalize
18 silly addNameRange { name: 'sequalize', range: '*', hasData: false }
19 silly mapToRegistry name sequalize
20 silly mapToRegistry using default registry
21 silly mapToRegistry registry https://registry.npmjs.org/
22 silly mapToRegistry uri https://registry.npmjs.org/sequalize
23 verbose addNameRange registry:https://registry.npmjs.org/sequalize not in flight; fetching
24 verbose request uri https://registry.npmjs.org/sequalize
25 verbose request no auth needed
26 info attempt registry request try #1 at 10:53:56 p. m.
27 verbose request id a0c7d344246e7586
28 http request GET https://registry.npmjs.org/sequalize
29 http 404 https://registry.npmjs.org/sequalize
30 verbose headers { server: 'CouchDB/1.5.0 (Erlang OTP/R16B03)',
30 verbose headers   'content-type': 'application/json',
30 verbose headers   'cache-control': 'max-age=0',
30 verbose headers   'content-length': '51',
30 verbose headers   'accept-ranges': 'bytes',
30 verbose headers   date: 'Sun, 14 Jun 2015 03:53:57 GMT',
30 verbose headers   via: '1.1 varnish',
30 verbose headers   age: '0',
30 verbose headers   connection: 'keep-alive',
30 verbose headers   'x-served-by': 'cache-iad2135-IAD',
30 verbose headers   'x-cache': 'MISS',
30 verbose headers   'x-cache-hits': '0',
30 verbose headers   'x-timer': 'S1434254037.829459,VS0,VE94' }
31 silly get cb [ 404,
31 silly get   { server: 'CouchDB/1.5.0 (Erlang OTP/R16B03)',
31 silly get     'content-type': 'application/json',
31 silly get     'cache-control': 'max-age=0',
31 silly get     'content-length': '51',
31 silly get     'accept-ranges': 'bytes',
31 silly get     date: 'Sun, 14 Jun 2015 03:53:57 GMT',
31 silly get     via: '1.1 varnish',
31 silly get     age: '0',
31 silly get     connection: 'keep-alive',
31 silly get     'x-served-by': 'cache-iad2135-IAD',
31 silly get     'x-cache': 'MISS',
31 silly get     'x-cache-hits': '0',
31 silly get     'x-timer': 'S1434254037.829459,VS0,VE94' } ]
32 verbose stack Error: 404 Not Found: sequalize
32 verbose stack     at CachingRegistryClient.<anonymous> (/usr/lib/node_modules/npm/node_modules/npm-registry-client/lib/request.js:245:14)
32 verbose stack     at Request._callback (/usr/lib/node_modules/npm/node_modules/npm-registry-client/lib/request.js:170:14)
32 verbose stack     at Request.self.callback (/usr/lib/node_modules/npm/node_modules/request/request.js:368:22)
32 verbose stack     at Request.emit (events.js:110:17)
32 verbose stack     at Request.<anonymous> (/usr/lib/node_modules/npm/node_modules/request/request.js:1219:14)
32 verbose stack     at Request.emit (events.js:129:20)
32 verbose stack     at IncomingMessage.<anonymous> (/usr/lib/node_modules/npm/node_modules/request/request.js:1167:12)
32 verbose stack     at IncomingMessage.emit (events.js:129:20)
32 verbose stack     at _stream_readable.js:908:16
32 verbose stack     at process._tickCallback (node.js:355:11)
33 verbose statusCode 404
34 verbose pkgid sequalize
35 verbose cwd /home/capi1/Home_Aptana/sistema_hospital
36 error Linux 3.16.7.12-1-MANJARO
37 error argv "node" "/usr/bin/npm" "install" "sequalize" "--save"
38 error node v0.12.4
39 error npm  v2.11.0
40 error code E404
41 error 404 Not Found: sequalize
41 error 404
41 error 404 'sequalize' is not in the npm registry.
41 error 404 You should bug the author to publish it (or use the name yourself!)
41 error 404 It was specified as a dependency of 'sistema_hospital'
41 error 404
41 error 404 Note that you can also install from a
41 error 404 tarball, folder, http url, or git url.
42 verbose exit [ 1, true ]
